<?xml version="1.0" encoding="UTF-8"?>
<!-- Generated by org.testng.reporters.JUnitReportReporter -->
<testsuite hostname="EXIPC0159" failures="0" tests="3" name="com.exsq.Print" time="28.325" errors="0" timestamp="2023-06-07T16:50:54 IST" skipped="0">
  <testcase classname="com.exsq.Print" name="Print_Btn_Visiblity" time="2.106"/>
  <system-out/>
  <testcase classname="com.exsq.Print" name="Print_ModalWindow_Visibility" time="5.114"/>
  <system-out/>
  <testcase classname="com.exsq.Print" name="Close_Print_ModalWindow" time="21.105"/>
  <system-out/>
</testsuite> <!-- com.exsq.Print -->
