<?xml version="1.0" encoding="UTF-8"?>
<!-- Generated by org.testng.reporters.JUnitReportReporter -->
<testsuite hostname="EXIPC0159" failures="0" tests="4" name="com.exsq.Sanity" time="41.479" errors="0" timestamp="2023-01-18T16:42:42 IST" skipped="0">
  <testcase classname="com.exsq.Sanity" name="Verify_Lead_Submit" time="36.560"/>
  <system-out/>
  <testcase classname="com.exsq.Sanity" name="Verify_Print" time="2.552"/>
  <system-out/>
  <testcase classname="com.exsq.Sanity" name="Verify_Community_Name" time="0.070"/>
  <system-out/>
  <testcase classname="com.exsq.Sanity" name="Verify_Homesite_Status_Filter" time="2.297"/>
  <system-out/>
</testsuite> <!-- com.exsq.Sanity -->
