<?xml version="1.0" encoding="UTF-8"?>
<!-- Generated by org.testng.reporters.JUnitReportReporter -->
<testsuite hostname="EXIPC0159" failures="0" tests="1" name="com.exsq.Master_Plan" time="32.607" errors="0" timestamp="2023-10-13T12:38:52 IST" skipped="0">
  <testcase classname="com.exsq.Master_Plan" name="Verify_MasterMap_Name_Header" time="32.607"/>
  <system-out/>
</testsuite> <!-- com.exsq.Master_Plan -->
