<?xml version="1.0" encoding="UTF-8"?>
<!-- Generated by org.testng.reporters.JUnitReportReporter -->
<testsuite hostname="EXIPC0159" failures="0" tests="3" name="com.exsq.homeStatusFilter" time="40.242" errors="0" timestamp="2023-11-21T15:20:53 IST" skipped="0">
  <testcase classname="com.exsq.homeStatusFilter" name="Homesite_Status_Filter_Visibility" time="20.049"/>
  <system-out/>
  <testcase classname="com.exsq.homeStatusFilter" name="HomesiteStatusButtonclick" time="0.100"/>
  <system-out/>
  <testcase classname="com.exsq.homeStatusFilter" name="CloseHomesiteStatusList" time="20.093"/>
  <system-out/>
</testsuite> <!-- com.exsq.homeStatusFilter -->
