<?xml version="1.0" encoding="UTF-8"?>
<!-- Generated by org.testng.reporters.JUnitReportReporter -->
<testsuite hostname="EXIPC0159" failures="0" tests="3" name="com.exsq.Lot_Detail_Popup" time="18.776" errors="0" timestamp="2023-04-21T15:47:45 IST" skipped="0">
  <testcase classname="com.exsq.Lot_Detail_Popup" name="Select_Lot_Popup_Visiblity" time="18.608"/>
  <system-out/>
  <testcase classname="com.exsq.Lot_Detail_Popup" name="Match_Lot_Data" time="0.142"/>
  <system-out/>
  <testcase classname="com.exsq.Lot_Detail_Popup" name="Hold_A_Lot_Btn_Visiblity" time="0.026"/>
  <system-out/>
</testsuite> <!-- com.exsq.Lot_Detail_Popup -->
