<?xml version="1.0" encoding="UTF-8"?>
<!-- Generated by org.testng.reporters.JUnitReportReporter -->
<testsuite hostname="EXIPC0159" failures="0" tests="8" name="com.exsq.Request_Info" time="36.833" errors="0" timestamp="2023-05-12T15:46:46 IST" skipped="0">
  <testcase classname="com.exsq.Request_Info" name="Request_Info_Btn_Visiblity" time="1.833"/>
  <system-out/>
  <testcase classname="com.exsq.Request_Info" name="Open_RequestInfo_Form" time="3.530"/>
  <system-out/>
  <testcase classname="com.exsq.Request_Info" name="Fill_Request_Info_Form" time="0.450"/>
  <system-out/>
  <testcase classname="com.exsq.Request_Info" name="Submit_Request_Info" time="0.058"/>
  <system-out/>
  <testcase classname="com.exsq.Request_Info" name="Loader_Visiblity" time="0.026"/>
  <system-out/>
  <testcase classname="com.exsq.Request_Info" name="Success_Popup_Visibility" time="9.949"/>
  <system-out/>
  <testcase classname="com.exsq.Request_Info" name="Success_PopUp_Close" time="20.613"/>
  <system-out/>
  <testcase classname="com.exsq.Request_Info" name="RequestInfo_Visiblity_ExpendView_inListing" time="0.374"/>
  <system-out/>
</testsuite> <!-- com.exsq.Request_Info -->
