<?xml version="1.0" encoding="UTF-8"?>
<!-- Generated by org.testng.reporters.JUnitReportReporter -->
<testsuite hostname="EXIPC0159" failures="0" tests="1" name="com.exsq.SVGZoom" time="24.599" errors="0" timestamp="2023-11-21T15:20:53 IST" skipped="0">
  <testcase classname="com.exsq.SVGZoom" name="SVG_Zoom_Slider" time="24.599"/>
  <system-out/>
</testsuite> <!-- com.exsq.SVGZoom -->
