<?xml version="1.0" encoding="UTF-8"?>
<!-- Generated by org.testng.reporters.JUnitReportReporter -->
<testsuite hostname="EXIPC0159" failures="0" tests="4" name="com.exsq.Lot_Detail_Popup" time="24.968" errors="0" timestamp="2023-05-19T10:55:50 IST" skipped="0">
  <testcase classname="com.exsq.Lot_Detail_Popup" name="Select_Lot_Popup_Visiblity" time="2.477"/>
  <system-out/>
  <testcase classname="com.exsq.Lot_Detail_Popup" name="Match_Lot_Data" time="0.168"/>
  <system-out/>
  <testcase classname="com.exsq.Lot_Detail_Popup" name="Hold_A_Lot_Btn_Visiblity" time="0.104"/>
  <system-out/>
  <testcase classname="com.exsq.Lot_Detail_Popup" name="HoldALot_Btn_Invisiblity" time="22.219"/>
  <system-out/>
</testsuite> <!-- com.exsq.Lot_Detail_Popup -->
