<?xml version="1.0" encoding="UTF-8"?>
<!-- Generated by org.testng.reporters.JUnitReportReporter -->
<testsuite hostname="EXIPC0159" failures="0" tests="3" name="com.exsq.Master_Plan" time="27.498" errors="0" timestamp="2023-05-30T00:03:36 IST" skipped="0">
  <testcase classname="com.exsq.Master_Plan" name="Verify_MasterMap_Name_Header" time="7.450"/>
  <system-out/>
  <testcase classname="com.exsq.Master_Plan" name="Verify_MasterMap_Name_Footer" time="0.036"/>
  <system-out/>
  <testcase classname="com.exsq.Master_Plan" name="Verify_Plan_Listing" time="20.012"/>
  <system-out/>
</testsuite> <!-- com.exsq.Master_Plan -->
