<?xml version="1.0" encoding="UTF-8"?>
<!-- Generated by org.testng.reporters.JUnitReportReporter -->
<testsuite hostname="EXIPC0159" failures="0" tests="3" name="com.exsq.changeCommunityHeaderFooter" time="19.408" errors="0" timestamp="2023-11-21T15:20:53 IST" skipped="0">
  <testcase classname="com.exsq.changeCommunityHeaderFooter" name="Verify_ChangeCommunityList" time="8.059"/>
  <system-out/>
  <testcase classname="com.exsq.changeCommunityHeaderFooter" name="VerifyActiveCommunityList" time="0.056"/>
  <system-out/>
  <testcase classname="com.exsq.changeCommunityHeaderFooter" name="Verify_SelectCommunityFromList" time="11.293"/>
  <system-out/>
</testsuite> <!-- com.exsq.changeCommunityHeaderFooter -->
