<?xml version="1.0" encoding="UTF-8"?>
<!-- Generated by org.testng.reporters.JUnitReportReporter -->
<testsuite hostname="EXIPC0159" failures="0" tests="3" name="com.exsq.Home_Status_Filter" time="58.214" errors="0" timestamp="2023-04-19T15:36:41 IST" skipped="0">
  <testcase classname="com.exsq.Home_Status_Filter" name="Homesite_Status_Filter_Visibility" time="14.858"/>
  <system-out/>
  <testcase classname="com.exsq.Home_Status_Filter" name="Homesite_Status_Btn_click" time="21.119"/>
  <system-out/>
  <testcase classname="com.exsq.Home_Status_Filter" name="Close_Homesite_Status_List" time="22.237"/>
  <system-out/>
</testsuite> <!-- com.exsq.Home_Status_Filter -->
