<?xml version="1.0" encoding="UTF-8"?>
<!-- Generated by org.testng.reporters.JUnitReportReporter -->
<testsuite hostname="EXIPC0159" failures="0" tests="4" name="com.exsq.lotDetailPopup" time="52.993" errors="0" timestamp="2023-11-21T15:20:53 IST" skipped="0">
  <testcase classname="com.exsq.lotDetailPopup" name="Select_Lot_Popup_Visiblity" time="30.525"/>
  <system-out/>
  <testcase classname="com.exsq.lotDetailPopup" name="MatchLotData" time="0.108"/>
  <system-out/>
  <testcase classname="com.exsq.lotDetailPopup" name="HoldALotButtonVisibility" time="0.079"/>
  <system-out/>
  <testcase classname="com.exsq.lotDetailPopup" name="HoldALotButtonInvisibility" time="22.281"/>
  <system-out/>
</testsuite> <!-- com.exsq.lotDetailPopup -->
