<?xml version="1.0" encoding="UTF-8"?>
<!-- Generated by org.testng.reporters.JUnitReportReporter -->
<testsuite hostname="EXIPC0159" failures="0" tests="8" name="com.exsq.Lot_Selection_and_Listing" time="57.852" errors="0" timestamp="2023-03-17T16:52:55 IST" skipped="0">
  <testcase classname="com.exsq.Lot_Selection_and_Listing" name="Verify_Lot_Detail_Pop_Up" time="5.321"/>
  <system-out/>
  <testcase classname="com.exsq.Lot_Selection_and_Listing" name="Verify_SelectedLot_OutlineAndColor" time="8.238"/>
  <system-out/>
  <testcase classname="com.exsq.Lot_Selection_and_Listing" name="Verify_HoldALot_Button_InsidePopup" time="2.084"/>
  <system-out/>
  <testcase classname="com.exsq.Lot_Selection_and_Listing" name="Verify_LotDetails_from_Popup" time="0.417"/>
  <system-out/>
  <testcase classname="com.exsq.Lot_Selection_and_Listing" name="Verify_AvailablePlanOnLot" time="2.079"/>
  <system-out/>
  <testcase classname="com.exsq.Lot_Selection_and_Listing" name="Verify_OtherPlansOnLot" time="2.056"/>
  <system-out/>
  <testcase classname="com.exsq.Lot_Selection_and_Listing" name="Verify_AvailablePlansOnLot" time="2.412"/>
  <system-out/>
  <testcase classname="com.exsq.Lot_Selection_and_Listing" name="Verify_HoldALot_Btn_Invisiblity" time="35.245"/>
  <system-out/>
</testsuite> <!-- com.exsq.Lot_Selection_and_Listing -->
