<?xml version="1.0" encoding="UTF-8"?>
<!-- Generated by org.testng.reporters.JUnitReportReporter -->
<testsuite hostname="EXIPC0159" failures="0" tests="1" name="com.exsq.Lot_Detail_Popup" time="46.146" errors="0" timestamp="2023-10-13T12:38:52 IST" skipped="0">
  <testcase classname="com.exsq.Lot_Detail_Popup" name="Select_Lot_Popup_Visiblity" time="46.146"/>
  <system-out/>
</testsuite> <!-- com.exsq.Lot_Detail_Popup -->
