<?xml version="1.0" encoding="UTF-8"?>
<!-- Generated by org.testng.reporters.JUnitReportReporter -->
<testsuite hostname="EXIPC0159" failures="0" tests="3" name="com.exsq.Home_Status_Filter" time="42.409" errors="0" timestamp="2023-05-30T00:03:36 IST" skipped="0">
  <testcase classname="com.exsq.Home_Status_Filter" name="Homesite_Status_Filter_Visibility" time="20.042"/>
  <system-out/>
  <testcase classname="com.exsq.Home_Status_Filter" name="Homesite_Status_Btn_click" time="1.213"/>
  <system-out/>
  <testcase classname="com.exsq.Home_Status_Filter" name="Close_Homesite_Status_List" time="21.154"/>
  <system-out/>
</testsuite> <!-- com.exsq.Home_Status_Filter -->
