<?xml version="1.0" encoding="UTF-8"?>
<!-- Generated by org.testng.reporters.JUnitReportReporter -->
<testsuite hostname="EXIPC0159" failures="0" tests="3" name="com.exsq.Plan_Details_Filter" time="16.310" errors="0" timestamp="2023-04-20T11:13:20 IST" skipped="0">
  <testcase classname="com.exsq.Plan_Details_Filter" name="PlanDetails_Filter_Button" time="15.390"/>
  <system-out/>
  <testcase classname="com.exsq.Plan_Details_Filter" name="Select_PlanDetailsFilter_MinimumBtn_Slider" time="0.841"/>
  <system-out/>
  <testcase classname="com.exsq.Plan_Details_Filter" name="Verify_PlanDetails_BedroomOption_Selection" time="0.079"/>
  <system-out/>
</testsuite> <!-- com.exsq.Plan_Details_Filter -->
