<?xml version="1.0" encoding="UTF-8"?>
<!-- Generated by org.testng.reporters.JUnitReportReporter -->
<testsuite hostname="EXIPC0159" failures="0" tests="3" name="com.exsq.Practice" time="27.520" errors="0" timestamp="2023-05-18T12:02:32 IST" skipped="0">
  <testcase classname="com.exsq.Practice" name="Print_Btn_Visiblity" time="1.922"/>
  <system-out/>
  <testcase classname="com.exsq.Practice" name="Print_ModalWindow_Visibility" time="4.499"/>
  <system-out/>
  <testcase classname="com.exsq.Practice" name="Close_Print_ModalWindow" time="21.099"/>
  <system-out/>
</testsuite> <!-- com.exsq.Practice -->
