<?xml version="1.0" encoding="UTF-8"?>
<!-- Generated by org.testng.reporters.JUnitReportReporter -->
<testsuite hostname="EXIPC0159" failures="0" tests="1" name="com.exsq.Test_Scenario" time="13.404" errors="0" timestamp="2023-04-21T11:46:06 IST" skipped="0">
  <testcase classname="com.exsq.Test_Scenario" name="Verify_MasterMap_Name_Header" time="13.404"/>
  <system-out/>
</testsuite> <!-- com.exsq.Test_Scenario -->
