<?xml version="1.0" encoding="UTF-8"?>
<!-- Generated by org.testng.reporters.JUnitReportReporter -->
<testsuite hostname="EXIPC0159" failures="0" tests="3" name="com.exsq.planDetailsFilter" time="6.873" errors="0" timestamp="2023-11-21T15:20:53 IST" skipped="0">
  <testcase classname="com.exsq.planDetailsFilter" name="PlanDetails_Filter_Button" time="6.213"/>
  <system-out/>
  <testcase classname="com.exsq.planDetailsFilter" name="SelectPlanDetailsFilterMinimumbuttonslider" time="0.598"/>
  <system-out/>
  <testcase classname="com.exsq.planDetailsFilter" name="VerifyPlanDetailsBedroomOptionSelection" time="0.062"/>
  <system-out/>
</testsuite> <!-- com.exsq.planDetailsFilter -->
