<?xml version="1.0" encoding="UTF-8"?>
<!-- Generated by org.testng.reporters.JUnitReportReporter -->
<testsuite hostname="EXIPC0159" failures="0" tests="1" name="com.exsq.ExpendedView_inListing" time="9.905" errors="0" timestamp="2023-10-13T12:38:52 IST" skipped="0">
  <testcase classname="com.exsq.ExpendedView_inListing" name="RequestInfoVisiblityListing" time="9.905"/>
  <system-out/>
</testsuite> <!-- com.exsq.ExpendedView_inListing -->
