<?xml version="1.0" encoding="UTF-8"?>
<!-- Generated by org.testng.reporters.JUnitReportReporter -->
<testsuite hostname="EXIPC0159" failures="0" tests="1" name="com.exsq.Request_Info_ListingExpendedView" time="21.290" errors="0" timestamp="2023-04-19T16:41:42 IST" skipped="0">
  <testcase classname="com.exsq.Request_Info_ListingExpendedView" name="RequestInfo_Visiblity_ExpendView_inListing" time="21.290"/>
  <system-out/>
</testsuite> <!-- com.exsq.Request_Info_ListingExpendedView -->
