<?xml version="1.0" encoding="UTF-8"?>
<!-- Generated by org.testng.reporters.JUnitReportReporter -->
<testsuite hostname="EXIPC0159" failures="0" tests="1" name="com.exsq.SVG_Zoom" time="5.395" errors="0" timestamp="2023-05-19T10:55:50 IST" skipped="0">
  <testcase classname="com.exsq.SVG_Zoom" name="SVG_Zoom_Slider" time="5.395"/>
  <system-out/>
</testsuite> <!-- com.exsq.SVG_Zoom -->
