<?xml version="1.0" encoding="UTF-8"?>
<!-- Generated by org.testng.reporters.JUnitReportReporter -->
<testsuite hostname="EXIPC0159" failures="0" tests="3" name="com.exsq.Plan_Details_Filter" time="2.270" errors="0" timestamp="2023-07-17T12:36:45 IST" skipped="0">
  <testcase classname="com.exsq.Plan_Details_Filter" name="PlanDetails_Filter_Button" time="1.648"/>
  <system-out/>
  <testcase classname="com.exsq.Plan_Details_Filter" name="Select_PlanDetailsFilter_MinimumBtn_Slider" time="0.536"/>
  <system-out/>
  <testcase classname="com.exsq.Plan_Details_Filter" name="Verify_PlanDetails_BedroomOption_Selection" time="0.086"/>
  <system-out/>
</testsuite> <!-- com.exsq.Plan_Details_Filter -->
