<?xml version="1.0" encoding="UTF-8"?>
<!-- Generated by org.testng.reporters.JUnitReportReporter -->
<testsuite hostname="EXIPC0159" failures="0" tests="1" name="com.exsq.Home_Status_Filter" time="43.602" errors="0" timestamp="2023-10-13T12:38:52 IST" skipped="0">
  <testcase classname="com.exsq.Home_Status_Filter" name="Homesite_Status_Filter_Visibility" time="43.602"/>
  <system-out/>
</testsuite> <!-- com.exsq.Home_Status_Filter -->
