<?xml version="1.0" encoding="UTF-8"?>
<!-- Generated by org.testng.reporters.JUnitReportReporter -->
<testsuite hostname="EXIPC0159" failures="0" tests="2" name="com.exsq.Community_Name_Visibility" time="0.000" errors="0" timestamp="2023-05-31T10:09:14 IST" skipped="2">
  <testcase classname="com.exsq.Community_Name_Visibility" name="Community_Name_Visibility_Header" time="0.000">
    <skipped/>
  </testcase> <!-- Community_Name_Visibility_Header -->
  <system-out/>
  <testcase classname="com.exsq.Community_Name_Visibility" name="Community_Name_Visiblity_Footer" time="0.000">
    <skipped/>
  </testcase> <!-- Community_Name_Visiblity_Footer -->
  <system-out/>
</testsuite> <!-- com.exsq.Community_Name_Visibility -->
