<?xml version="1.0" encoding="UTF-8"?>
<!-- Generated by org.testng.reporters.JUnitReportReporter -->
<testsuite hostname="EXIPC0159" failures="0" tests="3" name="com.exsq.Change_Community" time="9.176" errors="0" timestamp="2023-05-04T11:30:46 IST" skipped="0">
  <testcase classname="com.exsq.Change_Community" name="Verify_ChangeCommunityList" time="5.112"/>
  <system-out/>
  <testcase classname="com.exsq.Change_Community" name="Verify_ActiveCommunity_List" time="0.097"/>
  <system-out/>
  <testcase classname="com.exsq.Change_Community" name="Verify_SelectCommunityFromList" time="3.967"/>
  <system-out/>
</testsuite> <!-- com.exsq.Change_Community -->
