<?xml version="1.0" encoding="UTF-8"?>
<!-- Generated by org.testng.reporters.JUnitReportReporter -->
<testsuite hostname="EXIPC0159" failures="0" tests="2" name="com.exsq.Community_Name_Visibility" time="2.169" errors="0" timestamp="2023-06-07T16:50:54 IST" skipped="0">
  <testcase classname="com.exsq.Community_Name_Visibility" name="Community_Name_Visibility_Header" time="2.109"/>
  <system-out/>
  <testcase classname="com.exsq.Community_Name_Visibility" name="Community_Name_Visiblity_Footer" time="0.060"/>
  <system-out/>
</testsuite> <!-- com.exsq.Community_Name_Visibility -->
