<?xml version="1.0" encoding="UTF-8"?>
<!-- Generated by org.testng.reporters.JUnitReportReporter -->
<testsuite hostname="EXIPC0159" failures="0" tests="1" name="com.exsq.Sanity_Overview" time="5.434" errors="0" timestamp="2023-04-20T12:29:46 IST" skipped="0">
  <testcase classname="com.exsq.Sanity_Overview" name="Verify_SVG_Zoom_Slider" time="5.434"/>
  <system-out/>
</testsuite> <!-- com.exsq.Sanity_Overview -->
