<?xml version="1.0" encoding="UTF-8"?>
<!-- Generated by org.testng.reporters.JUnitReportReporter -->
<testsuite hostname="EXIPC0159" failures="0" tests="7" name="com.exsq.requestInfo" time="42.926" errors="0" timestamp="2023-11-21T15:20:53 IST" skipped="0">
  <testcase classname="com.exsq.requestInfo" name="Request_Info_Btn_Visiblity" time="7.509"/>
  <system-out/>
  <testcase classname="com.exsq.requestInfo" name="OpenRequestInfoForm" time="0.628"/>
  <system-out/>
  <testcase classname="com.exsq.requestInfo" name="FillRequestInfoForm" time="0.419"/>
  <system-out/>
  <testcase classname="com.exsq.requestInfo" name="SubmitRequestInfo" time="0.048"/>
  <system-out/>
  <testcase classname="com.exsq.requestInfo" name="LoaderVisibility" time="0.032"/>
  <system-out/>
  <testcase classname="com.exsq.requestInfo" name="SuccessPopupVisibility" time="13.201"/>
  <system-out/>
  <testcase classname="com.exsq.requestInfo" name="SuccessPopUpClose" time="21.089"/>
  <system-out/>
</testsuite> <!-- com.exsq.requestInfo -->
