<?xml version="1.0" encoding="UTF-8"?>
<!-- Generated by org.testng.reporters.JUnitReportReporter -->
<testsuite hostname="EXIPC0159" failures="0" tests="2" name="com.exsq.ExpendedView_inListing" time="5.443" errors="0" timestamp="2023-05-12T15:46:46 IST" skipped="0">
  <testcase classname="com.exsq.ExpendedView_inListing" name="RequestInfo_Visiblity_inListing" time="5.414"/>
  <system-out/>
  <testcase classname="com.exsq.ExpendedView_inListing" name="ExpendView_Visiblity_inListing" time="0.029"/>
  <system-out/>
</testsuite> <!-- com.exsq.ExpendedView_inListing -->
