<?xml version="1.0" encoding="UTF-8"?>
<!-- Generated by org.testng.reporters.JUnitReportReporter -->
<testsuite hostname="EXIPC0159" failures="0" tests="1" name="com.exsq.Android1" time="26.723" errors="0" timestamp="2023-07-17T15:22:21 IST" skipped="0">
  <testcase classname="com.exsq.Android1" name="TestChrome" time="26.723"/>
  <system-out/>
</testsuite> <!-- com.exsq.Android1 -->
