<?xml version="1.0" encoding="UTF-8"?>
<!-- Generated by org.testng.reporters.JUnitReportReporter -->
<testsuite hostname="EXIPC0159" failures="0" tests="3" name="com.exsq.Change_Community" time="19.027" errors="0" timestamp="2023-03-23T23:02:53 IST" skipped="0">
  <testcase classname="com.exsq.Change_Community" name="Verify_ChangeCommunityList" time="5.463"/>
  <system-out/>
  <testcase classname="com.exsq.Change_Community" name="Verify_ActiveCommunity_List" time="0.153"/>
  <system-out/>
  <testcase classname="com.exsq.Change_Community" name="Verify_SelectCommunityFromList" time="13.411"/>
  <system-out/>
</testsuite> <!-- com.exsq.Change_Community -->
