<?xml version="1.0" encoding="UTF-8"?>
<!-- Generated by org.testng.reporters.JUnitReportReporter -->
<testsuite hostname="EXIPC0159" failures="0" tests="3" name="com.exsq.Light_Gallery" time="29.592" errors="0" timestamp="2023-05-12T15:46:46 IST" skipped="0">
  <testcase classname="com.exsq.Light_Gallery" name="Select_PlanFrom_Listing" time="5.347"/>
  <system-out/>
  <testcase classname="com.exsq.Light_Gallery" name="Open_Light_Gallery" time="2.129"/>
  <system-out/>
  <testcase classname="com.exsq.Light_Gallery" name="Close_LightGallery" time="22.116"/>
  <system-out/>
</testsuite> <!-- com.exsq.Light_Gallery -->
