<?xml version="1.0" encoding="UTF-8"?>
<!-- Generated by org.testng.reporters.JUnitReportReporter -->
<testsuite hostname="EXIPC0159" failures="0" tests="2" name="com.exsq.Community_Name_Visibility" time="1.954" errors="0" timestamp="2023-04-17T14:54:02 IST" skipped="0">
  <testcase classname="com.exsq.Community_Name_Visibility" name="Community_Name_Visibility_Header" time="1.904"/>
  <system-out/>
  <testcase classname="com.exsq.Community_Name_Visibility" name="Community_Name_Visiblity_Footer" time="0.050"/>
  <system-out/>
</testsuite> <!-- com.exsq.Community_Name_Visibility -->
