<?xml version="1.0" encoding="UTF-8"?>
<!-- Generated by org.testng.reporters.JUnitReportReporter -->
<testsuite hostname="EXIPC0159" failures="0" tests="1" name="com.exsq.Change_Community" time="6.827" errors="0" timestamp="2023-10-13T12:38:52 IST" skipped="0">
  <testcase classname="com.exsq.Change_Community" name="Verify_ChangeCommunityList" time="6.827"/>
  <system-out/>
</testsuite> <!-- com.exsq.Change_Community -->
