<?xml version="1.0" encoding="UTF-8"?>
<!-- Generated by org.testng.reporters.JUnitReportReporter -->
<testsuite hostname="EXIPC0159" failures="0" tests="8" name="com.exsq.Request_Info" time="31.344" errors="0" timestamp="2023-07-17T12:36:45 IST" skipped="0">
  <testcase classname="com.exsq.Request_Info" name="Request_Info_Btn_Visiblity" time="1.598"/>
  <system-out/>
  <testcase classname="com.exsq.Request_Info" name="Open_RequestInfo_Form" time="2.461"/>
  <system-out/>
  <testcase classname="com.exsq.Request_Info" name="Fill_Request_Info_Form" time="0.392"/>
  <system-out/>
  <testcase classname="com.exsq.Request_Info" name="Submit_Request_Info" time="0.083"/>
  <system-out/>
  <testcase classname="com.exsq.Request_Info" name="Loader_Visiblity" time="0.036"/>
  <system-out/>
  <testcase classname="com.exsq.Request_Info" name="Success_Popup_Visibility" time="4.421"/>
  <system-out/>
  <testcase classname="com.exsq.Request_Info" name="Success_PopUp_Close" time="22.132"/>
  <system-out/>
  <testcase classname="com.exsq.Request_Info" name="RequestInfo_Visiblity_ExpendView_inListing" time="0.221"/>
  <system-out/>
</testsuite> <!-- com.exsq.Request_Info -->
