<?xml version="1.0" encoding="UTF-8"?>
<!-- Generated by org.testng.reporters.JUnitReportReporter -->
<testsuite hostname="EXIPC0159" failures="0" tests="4" name="com.exsq.Lot_Detail_Popup" time="28.886" errors="0" timestamp="2023-07-17T12:36:45 IST" skipped="0">
  <testcase classname="com.exsq.Lot_Detail_Popup" name="Select_Lot_Popup_Visiblity" time="6.376"/>
  <system-out/>
  <testcase classname="com.exsq.Lot_Detail_Popup" name="Match_Lot_Data" time="0.130"/>
  <system-out/>
  <testcase classname="com.exsq.Lot_Detail_Popup" name="Hold_A_Lot_Btn_Visiblity" time="0.082"/>
  <system-out/>
  <testcase classname="com.exsq.Lot_Detail_Popup" name="HoldALot_Btn_Invisiblity" time="22.298"/>
  <system-out/>
</testsuite> <!-- com.exsq.Lot_Detail_Popup -->
