<?xml version="1.0" encoding="UTF-8"?>
<!-- Generated by org.testng.reporters.JUnitReportReporter -->
<testsuite hostname="EXIPC0159" failures="0" tests="2" name="com.exsq.ispwithuuplogin.UUPLogin" time="21.871" errors="0" timestamp="2023-11-20T22:23:57 IST" skipped="0">
  <testcase classname="com.exsq.ispwithuuplogin.UUPLogin" name="validLogin" time="21.585"/>
  <system-out/>
  <testcase classname="com.exsq.ispwithuuplogin.UUPLogin" name="userDashboard" time="0.286"/>
  <system-out/>
</testsuite> <!-- com.exsq.ispwithuuplogin.UUPLogin -->
