<?xml version="1.0" encoding="UTF-8"?>
<!-- Generated by org.testng.reporters.JUnitReportReporter -->
<testsuite hostname="EXIPC0159" failures="0" tests="1" name="com.exsq.ispwithuuplogin.testttt" time="8.412" errors="0" timestamp="2023-08-25T15:26:23 IST" skipped="0">
  <testcase classname="com.exsq.ispwithuuplogin.testttt" name="LoginorCreateAccount_visibility" time="8.412"/>
  <system-out/>
</testsuite> <!-- com.exsq.ispwithuuplogin.testttt -->
