<?xml version="1.0" encoding="UTF-8"?>
<!-- Generated by org.testng.reporters.JUnitReportReporter -->
<testsuite hostname="EXIPC0159" failures="0" tests="2" name="com.exsq.ExpendedView_inListing" time="7.496" errors="0" timestamp="2023-05-19T10:55:50 IST" skipped="0">
  <testcase classname="com.exsq.ExpendedView_inListing" name="RequestInfo_Visiblity_inListing" time="7.468"/>
  <system-out/>
  <testcase classname="com.exsq.ExpendedView_inListing" name="ExpendView_Visiblity_inListing" time="0.028"/>
  <system-out/>
</testsuite> <!-- com.exsq.ExpendedView_inListing -->
