<?xml version="1.0" encoding="UTF-8"?>
<!-- Generated by org.testng.reporters.JUnitReportReporter -->
<testsuite hostname="EXIPC0159" failures="0" tests="1" name="com.exsq.Test_Scenario" time="35.305" errors="0" timestamp="2023-03-17T16:41:19 IST" skipped="0">
  <testcase classname="com.exsq.Test_Scenario" name="Verify_AvailablePlansOnLot" time="35.305"/>
  <system-out/>
</testsuite> <!-- com.exsq.Test_Scenario -->
