<?xml version="1.0" encoding="UTF-8"?>
<!-- Generated by org.testng.reporters.JUnitReportReporter -->
<testsuite hostname="EXIPC0159" failures="0" tests="3" name="com.exsq.Print" time="25.662" errors="0" timestamp="2023-05-19T14:42:42 IST" skipped="0">
  <testcase classname="com.exsq.Print" name="Print_Btn_Visiblity" time="1.726"/>
  <system-out/>
  <testcase classname="com.exsq.Print" name="Print_ModalWindow_Visibility" time="2.800"/>
  <system-out/>
  <testcase classname="com.exsq.Print" name="Close_Print_ModalWindow" time="21.136"/>
  <system-out/>
</testsuite> <!-- com.exsq.Print -->
