<?xml version="1.0" encoding="UTF-8"?>
<!-- Generated by org.testng.reporters.JUnitReportReporter -->
<testsuite hostname="EXIPC0159" failures="0" tests="9" name="com.exsq.Lot_Selection_and_Listing" time="125.303" errors="0" timestamp="2023-03-20T21:58:54 IST" skipped="0">
  <testcase classname="com.exsq.Lot_Selection_and_Listing" name="Verify_LotOutlined_AfterSelectPlanFromListing" time="80.966"/>
  <system-out/>
  <testcase classname="com.exsq.Lot_Selection_and_Listing" name="Verify_Lot_Detail_Pop_Up" time="2.433"/>
  <system-out/>
  <testcase classname="com.exsq.Lot_Selection_and_Listing" name="Verify_SelectedLot_OutlineAndColor" time="2.103"/>
  <system-out/>
  <testcase classname="com.exsq.Lot_Selection_and_Listing" name="Verify_HoldALot_Button_InsidePopup" time="1.103"/>
  <system-out/>
  <testcase classname="com.exsq.Lot_Selection_and_Listing" name="Verify_LotDetails_from_Popup" time="0.681"/>
  <system-out/>
  <testcase classname="com.exsq.Lot_Selection_and_Listing" name="Verify_AvailablePlanOnLot" time="1.076"/>
  <system-out/>
  <testcase classname="com.exsq.Lot_Selection_and_Listing" name="Verify_OtherPlansOnLot" time="1.065"/>
  <system-out/>
  <testcase classname="com.exsq.Lot_Selection_and_Listing" name="Verify_AvailablePlansOnLot" time="3.525"/>
  <system-out/>
  <testcase classname="com.exsq.Lot_Selection_and_Listing" name="Verify_HoldALot_Btn_Invisiblity" time="32.351"/>
  <system-out/>
</testsuite> <!-- com.exsq.Lot_Selection_and_Listing -->
