<?xml version="1.0" encoding="UTF-8"?>
<!-- Generated by org.testng.reporters.JUnitReportReporter -->
<testsuite hostname="EXIPC0159" failures="0" tests="2" name="com.exsq.Community_Name_Visibility" time="1.963" errors="0" timestamp="2023-05-30T00:03:36 IST" skipped="0">
  <testcase classname="com.exsq.Community_Name_Visibility" name="Community_Name_Visibility_Header" time="1.901"/>
  <system-out/>
  <testcase classname="com.exsq.Community_Name_Visibility" name="Community_Name_Visiblity_Footer" time="0.062"/>
  <system-out/>
</testsuite> <!-- com.exsq.Community_Name_Visibility -->
