<?xml version="1.0" encoding="UTF-8"?>
<!-- Generated by org.testng.reporters.JUnitReportReporter -->
<testsuite hostname="EXIPC0159" failures="0" tests="3" name="com.exsq.lightGallery" time="34.277" errors="0" timestamp="2023-11-21T15:20:53 IST" skipped="0">
  <testcase classname="com.exsq.lightGallery" name="Select_PlanFrom_Listing" time="5.968"/>
  <system-out/>
  <testcase classname="com.exsq.lightGallery" name="OpenLightGallery" time="7.154"/>
  <system-out/>
  <testcase classname="com.exsq.lightGallery" name="CloseLightGallery" time="21.155"/>
  <system-out/>
</testsuite> <!-- com.exsq.lightGallery -->
