<?xml version="1.0" encoding="UTF-8"?>
<!-- Generated by org.testng.reporters.JUnitReportReporter -->
<testsuite hostname="EXIPC0159" failures="0" tests="8" name="com.exsq.Request_Info" time="37.072" errors="0" timestamp="2023-05-30T00:03:36 IST" skipped="0">
  <testcase classname="com.exsq.Request_Info" name="Request_Info_Btn_Visiblity" time="2.240"/>
  <system-out/>
  <testcase classname="com.exsq.Request_Info" name="Open_RequestInfo_Form" time="1.842"/>
  <system-out/>
  <testcase classname="com.exsq.Request_Info" name="Fill_Request_Info_Form" time="0.575"/>
  <system-out/>
  <testcase classname="com.exsq.Request_Info" name="Submit_Request_Info" time="0.099"/>
  <system-out/>
  <testcase classname="com.exsq.Request_Info" name="Loader_Visiblity" time="0.040"/>
  <system-out/>
  <testcase classname="com.exsq.Request_Info" name="Success_Popup_Visibility" time="9.740"/>
  <system-out/>
  <testcase classname="com.exsq.Request_Info" name="Success_PopUp_Close" time="22.163"/>
  <system-out/>
  <testcase classname="com.exsq.Request_Info" name="RequestInfo_Visiblity_ExpendView_inListing" time="0.373"/>
  <system-out/>
</testsuite> <!-- com.exsq.Request_Info -->
