<?xml version="1.0" encoding="UTF-8"?>
<!-- Generated by org.testng.reporters.JUnitReportReporter -->
<testsuite hostname="EXIPC0159" failures="0" tests="3" name="com.exsq.Change_Community" time="9.158" errors="0" timestamp="2023-05-01T16:31:32 IST" skipped="0">
  <testcase classname="com.exsq.Change_Community" name="Verify_ChangeCommunityList" time="5.097"/>
  <system-out/>
  <testcase classname="com.exsq.Change_Community" name="Verify_ActiveCommunity_List" time="0.078"/>
  <system-out/>
  <testcase classname="com.exsq.Change_Community" name="Verify_SelectCommunityFromList" time="3.983"/>
  <system-out/>
</testsuite> <!-- com.exsq.Change_Community -->
