<?xml version="1.0" encoding="UTF-8"?>
<!-- Generated by org.testng.reporters.JUnitReportReporter -->
<testsuite hostname="EXIPC0159" failures="0" tests="3" name="com.exsq.print" time="28.259" errors="0" timestamp="2023-11-21T15:20:53 IST" skipped="0">
  <testcase classname="com.exsq.print" name="PrintButtonVisiblity" time="5.984"/>
  <system-out/>
  <testcase classname="com.exsq.print" name="PrintModalWindowVisibility" time="2.214"/>
  <system-out/>
  <testcase classname="com.exsq.print" name="ClosePrintModalWindow" time="20.061"/>
  <system-out/>
</testsuite> <!-- com.exsq.print -->
