<?xml version="1.0" encoding="UTF-8"?>
<!-- Generated by org.testng.reporters.JUnitReportReporter -->
<testsuite hostname="EXIPC0159" failures="0" tests="3" name="com.exsq.Master_Plan" time="27.736" errors="0" timestamp="2023-05-12T15:46:46 IST" skipped="0">
  <testcase classname="com.exsq.Master_Plan" name="Verify_MasterMap_Name_Header" time="7.687"/>
  <system-out/>
  <testcase classname="com.exsq.Master_Plan" name="Verify_MasterMap_Name_Footer" time="0.022"/>
  <system-out/>
  <testcase classname="com.exsq.Master_Plan" name="Verify_Plan_Listing" time="20.027"/>
  <system-out/>
</testsuite> <!-- com.exsq.Master_Plan -->
