<?xml version="1.0" encoding="UTF-8"?>
<!-- Generated by org.testng.reporters.JUnitReportReporter -->
<testsuite hostname="EXIPC0159" failures="0" tests="2" name="com.exsq.ispwithuuplogin.defaultForUUPUser" time="4.622" errors="0" timestamp="2023-11-20T21:47:00 IST" skipped="0">
  <testcase classname="com.exsq.ispwithuuplogin.defaultForUUPUser" name="verifyLoginOrCreateAccountLink" time="4.538"/>
  <system-out/>
  <testcase classname="com.exsq.ispwithuuplogin.defaultForUUPUser" name="SaveButtonInactive" time="0.084"/>
  <system-out/>
</testsuite> <!-- com.exsq.ispwithuuplogin.defaultForUUPUser -->
