<?xml version="1.0" encoding="UTF-8"?>
<!-- Generated by org.testng.reporters.JUnitReportReporter -->
<testsuite hostname="EXIPC0159" failures="0" tests="2" name="com.exsq.expendedViewinListing" time="4.924" errors="0" timestamp="2023-11-21T15:20:53 IST" skipped="0">
  <testcase classname="com.exsq.expendedViewinListing" name="RequestInfoVisiblityListing" time="4.867"/>
  <system-out/>
  <testcase classname="com.exsq.expendedViewinListing" name="ExpendViewRequestInfoVisibilityInListing" time="0.057"/>
  <system-out/>
</testsuite> <!-- com.exsq.expendedViewinListing -->
