<?xml version="1.0" encoding="UTF-8"?>
<!-- Generated by org.testng.reporters.JUnitReportReporter -->
<testsuite hostname="EXIPC0159" failures="0" tests="2" name="com.exsq.ExpendedView_inListing" time="7.307" errors="0" timestamp="2023-07-17T12:36:45 IST" skipped="0">
  <testcase classname="com.exsq.ExpendedView_inListing" name="RequestInfo_Visiblity_inListing" time="7.277"/>
  <system-out/>
  <testcase classname="com.exsq.ExpendedView_inListing" name="ExpendView_Visiblity_inListing" time="0.030"/>
  <system-out/>
</testsuite> <!-- com.exsq.ExpendedView_inListing -->
