<?xml version="1.0" encoding="UTF-8"?>
<!-- Generated by org.testng.reporters.JUnitReportReporter -->
<testsuite hostname="EXIPC0159" failures="0" tests="8" name="com.exsq.Request_Info" time="38.287" errors="0" timestamp="2023-05-15T16:49:03 IST" skipped="0">
  <testcase classname="com.exsq.Request_Info" name="Request_Info_Btn_Visiblity" time="1.625"/>
  <system-out/>
  <testcase classname="com.exsq.Request_Info" name="Open_RequestInfo_Form" time="3.564"/>
  <system-out/>
  <testcase classname="com.exsq.Request_Info" name="Fill_Request_Info_Form" time="0.478"/>
  <system-out/>
  <testcase classname="com.exsq.Request_Info" name="Submit_Request_Info" time="0.064"/>
  <system-out/>
  <testcase classname="com.exsq.Request_Info" name="Loader_Visiblity" time="0.032"/>
  <system-out/>
  <testcase classname="com.exsq.Request_Info" name="Success_Popup_Visibility" time="11.620"/>
  <system-out/>
  <testcase classname="com.exsq.Request_Info" name="Success_PopUp_Close" time="20.588"/>
  <system-out/>
  <testcase classname="com.exsq.Request_Info" name="RequestInfo_Visiblity_ExpendView_inListing" time="0.316"/>
  <system-out/>
</testsuite> <!-- com.exsq.Request_Info -->
