<?xml version="1.0" encoding="UTF-8"?>
<!-- Generated by org.testng.reporters.JUnitReportReporter -->
<testsuite hostname="EXIPC0159" failures="0" tests="5" name="com.exsq.Lot_Selection_and_Listing" time="58.102" errors="0" timestamp="2023-11-10T15:27:14 IST" skipped="0">
  <testcase classname="com.exsq.Lot_Selection_and_Listing" name="Verify_LotOutlined_AfterSelectPlanFromListing" time="27.114"/>
  <system-out/>
  <testcase classname="com.exsq.Lot_Selection_and_Listing" name="VerifyAvailablePlanOnLot" time="3.380"/>
  <system-out/>
  <testcase classname="com.exsq.Lot_Selection_and_Listing" name="VerifyOtherPlansOnLot" time="0.029"/>
  <system-out/>
  <testcase classname="com.exsq.Lot_Selection_and_Listing" name="VerifyAvailablePlansOnLot" time="5.487"/>
  <system-out/>
  <testcase classname="com.exsq.Lot_Selection_and_Listing" name="VerifyHoldALotButtonInvisibility" time="22.092"/>
  <system-out/>
</testsuite> <!-- com.exsq.Lot_Selection_and_Listing -->
