<?xml version="1.0" encoding="UTF-8"?>
<!-- Generated by org.testng.reporters.JUnitReportReporter -->
<testsuite hostname="EXIPC0159" failures="0" tests="3" name="com.exsq.Test_Scenario" time="37.161" errors="0" timestamp="2023-03-23T23:47:58 IST" skipped="0">
  <testcase classname="com.exsq.Test_Scenario" name="Verify_MasterMap_Name_Header" time="7.081"/>
  <system-out/>
  <testcase classname="com.exsq.Test_Scenario" name="Verify_MasterMap_Name_Footer" time="0.029"/>
  <system-out/>
  <testcase classname="com.exsq.Test_Scenario" name="Verify_Plan_Listing" time="30.051"/>
  <system-out/>
</testsuite> <!-- com.exsq.Test_Scenario -->
