<?xml version="1.0" encoding="UTF-8"?>
<!-- Generated by org.testng.reporters.JUnitReportReporter -->
<testsuite hostname="EXIPC0159" failures="0" tests="3" name="com.exsq.Master_Plan" time="33.240" errors="0" timestamp="2023-05-19T10:55:50 IST" skipped="0">
  <testcase classname="com.exsq.Master_Plan" name="Verify_MasterMap_Name_Header" time="13.163"/>
  <system-out/>
  <testcase classname="com.exsq.Master_Plan" name="Verify_MasterMap_Name_Footer" time="0.029"/>
  <system-out/>
  <testcase classname="com.exsq.Master_Plan" name="Verify_Plan_Listing" time="20.048"/>
  <system-out/>
</testsuite> <!-- com.exsq.Master_Plan -->
