<?xml version="1.0" encoding="UTF-8"?>
<!-- Generated by org.testng.reporters.JUnitReportReporter -->
<testsuite hostname="EXIPC0159" failures="0" tests="3" name="com.exsq.masterPlan" time="34.969" errors="0" timestamp="2023-11-21T15:22:10 IST" skipped="0">
  <testcase classname="com.exsq.masterPlan" name="Verify_MasterMap_Name_Header" time="14.881"/>
  <system-out/>
  <testcase classname="com.exsq.masterPlan" name="VerifyMasterMapNameFooter" time="0.024"/>
  <system-out/>
  <testcase classname="com.exsq.masterPlan" name="VerifyPlanListing" time="20.064"/>
  <system-out/>
</testsuite> <!-- com.exsq.masterPlan -->
