<?xml version="1.0" encoding="UTF-8"?>
<!-- Generated by org.testng.reporters.JUnitReportReporter -->
<testsuite hostname="EXIPC0159" failures="0" tests="3" name="com.exsq.Master_Plan" time="27.715" errors="0" timestamp="2023-07-17T12:36:45 IST" skipped="0">
  <testcase classname="com.exsq.Master_Plan" name="Verify_MasterMap_Name_Header" time="7.671"/>
  <system-out/>
  <testcase classname="com.exsq.Master_Plan" name="Verify_MasterMap_Name_Footer" time="0.025"/>
  <system-out/>
  <testcase classname="com.exsq.Master_Plan" name="Verify_Plan_Listing" time="20.019"/>
  <system-out/>
</testsuite> <!-- com.exsq.Master_Plan -->
