<?xml version="1.0" encoding="UTF-8"?>
<!-- Generated by org.testng.reporters.JUnitReportReporter -->
<testsuite hostname="EXIPC0159" failures="0" tests="2" name="com.exsq.communityName" time="6.331" errors="0" timestamp="2023-11-21T15:20:53 IST" skipped="0">
  <testcase classname="com.exsq.communityName" name="CommunityNameVisibilityInHeaderAndFooter" time="6.291"/>
  <system-out/>
  <testcase classname="com.exsq.communityName" name="VerifyCommunityNameVisibilityFooter" time="0.040"/>
  <system-out/>
</testsuite> <!-- com.exsq.communityName -->
