<?xml version="1.0" encoding="UTF-8"?>
<!-- Generated by org.testng.reporters.JUnitReportReporter -->
<testsuite hostname="EXIPC0159" failures="0" tests="3" name="com.exsq.Print" time="33.354" errors="0" timestamp="2023-05-01T15:33:25 IST" skipped="0">
  <testcase classname="com.exsq.Print" name="Print_Btn_Visiblity" time="8.003"/>
  <system-out/>
  <testcase classname="com.exsq.Print" name="Print_ModalWindow_Visibility" time="4.174"/>
  <system-out/>
  <testcase classname="com.exsq.Print" name="Close_Print_ModalWindow" time="21.177"/>
  <system-out/>
</testsuite> <!-- com.exsq.Print -->
