<?xml version="1.0" encoding="UTF-8"?>
<!-- Generated by org.testng.reporters.JUnitReportReporter -->
<testsuite hostname="EXIPC0159" failures="0" tests="3" name="com.exsq.Print" time="25.290" errors="0" timestamp="2023-05-19T14:54:01 IST" skipped="0">
  <testcase classname="com.exsq.Print" name="Print_Btn_Visiblity" time="1.575"/>
  <system-out/>
  <testcase classname="com.exsq.Print" name="Print_ModalWindow_Visibility" time="2.580"/>
  <system-out/>
  <testcase classname="com.exsq.Print" name="Close_Print_ModalWindow" time="21.135"/>
  <system-out/>
</testsuite> <!-- com.exsq.Print -->
